[0.007s] Invoking command in '/home/abdur-rahman/ros2_ws/build/my_cpp_pkg': CMAKE_PREFIX_PATH=${CMAKE_PREFIX_PATH}:/home/abdur-rahman/ros2_ws/install/my_py_pkg:/opt/ros/jazzy DEBUGINFOD_URLS=https://debuginfod.ubuntu.com /usr/bin/cmake --build /home/abdur-rahman/ros2_ws/build/my_cpp_pkg -- -j8 -l8
[0.043s] [ 50%] Built target cpp_node
[0.045s] [ 75%] [32mBuilding CXX object CMakeFiles/robot_news_station.dir/src/robot_news_station.cpp.o[0m
[2.757s] [100%] [32m[1mLinking CXX executable robot_news_station[0m
[2.911s] [100%] Built target robot_news_station
[2.919s] Invoked command in '/home/abdur-rahman/ros2_ws/build/my_cpp_pkg' returned '0': CMAKE_PREFIX_PATH=${CMAKE_PREFIX_PATH}:/home/abdur-rahman/ros2_ws/install/my_py_pkg:/opt/ros/jazzy DEBUGINFOD_URLS=https://debuginfod.ubuntu.com /usr/bin/cmake --build /home/abdur-rahman/ros2_ws/build/my_cpp_pkg -- -j8 -l8
[2.925s] Invoking command in '/home/abdur-rahman/ros2_ws/build/my_cpp_pkg': CMAKE_PREFIX_PATH=${CMAKE_PREFIX_PATH}:/home/abdur-rahman/ros2_ws/install/my_py_pkg:/opt/ros/jazzy DEBUGINFOD_URLS=https://debuginfod.ubuntu.com /usr/bin/cmake --install /home/abdur-rahman/ros2_ws/build/my_cpp_pkg
[2.930s] -- Install configuration: ""
[2.931s] -- Up-to-date: /home/abdur-rahman/ros2_ws/install/my_cpp_pkg/lib/my_cpp_pkg/cpp_node
[2.931s] -- Installing: /home/abdur-rahman/ros2_ws/install/my_cpp_pkg/lib/my_cpp_pkg/robot_news_station
[2.932s] -- Set non-toolchain portion of runtime path of "/home/abdur-rahman/ros2_ws/install/my_cpp_pkg/lib/my_cpp_pkg/robot_news_station" to ""
[2.932s] -- Installing: /home/abdur-rahman/ros2_ws/install/my_cpp_pkg/share/ament_index/resource_index/package_run_dependencies/my_cpp_pkg
[2.932s] -- Up-to-date: /home/abdur-rahman/ros2_ws/install/my_cpp_pkg/share/ament_index/resource_index/parent_prefix_path/my_cpp_pkg
[2.932s] -- Up-to-date: /home/abdur-rahman/ros2_ws/install/my_cpp_pkg/share/my_cpp_pkg/environment/ament_prefix_path.sh
[2.932s] -- Up-to-date: /home/abdur-rahman/ros2_ws/install/my_cpp_pkg/share/my_cpp_pkg/environment/ament_prefix_path.dsv
[2.932s] -- Up-to-date: /home/abdur-rahman/ros2_ws/install/my_cpp_pkg/share/my_cpp_pkg/environment/path.sh
[2.932s] -- Up-to-date: /home/abdur-rahman/ros2_ws/install/my_cpp_pkg/share/my_cpp_pkg/environment/path.dsv
[2.932s] -- Up-to-date: /home/abdur-rahman/ros2_ws/install/my_cpp_pkg/share/my_cpp_pkg/local_setup.bash
[2.932s] -- Up-to-date: /home/abdur-rahman/ros2_ws/install/my_cpp_pkg/share/my_cpp_pkg/local_setup.sh
[2.932s] -- Up-to-date: /home/abdur-rahman/ros2_ws/install/my_cpp_pkg/share/my_cpp_pkg/local_setup.zsh
[2.932s] -- Up-to-date: /home/abdur-rahman/ros2_ws/install/my_cpp_pkg/share/my_cpp_pkg/local_setup.dsv
[2.932s] -- Installing: /home/abdur-rahman/ros2_ws/install/my_cpp_pkg/share/my_cpp_pkg/package.dsv
[2.933s] -- Up-to-date: /home/abdur-rahman/ros2_ws/install/my_cpp_pkg/share/ament_index/resource_index/packages/my_cpp_pkg
[2.933s] -- Up-to-date: /home/abdur-rahman/ros2_ws/install/my_cpp_pkg/share/my_cpp_pkg/cmake/my_cpp_pkgConfig.cmake
[2.933s] -- Up-to-date: /home/abdur-rahman/ros2_ws/install/my_cpp_pkg/share/my_cpp_pkg/cmake/my_cpp_pkgConfig-version.cmake
[2.933s] -- Installing: /home/abdur-rahman/ros2_ws/install/my_cpp_pkg/share/my_cpp_pkg/package.xml
[2.934s] Invoked command in '/home/abdur-rahman/ros2_ws/build/my_cpp_pkg' returned '0': CMAKE_PREFIX_PATH=${CMAKE_PREFIX_PATH}:/home/abdur-rahman/ros2_ws/install/my_py_pkg:/opt/ros/jazzy DEBUGINFOD_URLS=https://debuginfod.ubuntu.com /usr/bin/cmake --install /home/abdur-rahman/ros2_ws/build/my_cpp_pkg
