[0.689s] Invoking command in '/home/abdur-rahman/ros2_ws/src/my_py_pkg': DEBUGINFOD_URLS=https://debuginfod.ubuntu.com PYTHONPATH=/home/abdur-rahman/ros2_ws/build/my_py_pkg/prefix_override:/usr/lib/python3/dist-packages/colcon_core/task/python/colcon_distutils_commands:/home/abdur-rahman/ros2_ws/install/my_py_pkg/lib/python3.12/site-packages:${PYTHONPATH} /usr/bin/python3 -W ignore:setup.py install is deprecated -W ignore:easy_install command is deprecated setup.py egg_info --egg-base ../../build/my_py_pkg build --build-base /home/abdur-rahman/ros2_ws/build/my_py_pkg/build install --record /home/abdur-rahman/ros2_ws/build/my_py_pkg/install.log --single-version-externally-managed install_data
[0.874s] running egg_info
[0.874s] creating ../../build/my_py_pkg/my_py_pkg.egg-info
[0.886s] writing ../../build/my_py_pkg/my_py_pkg.egg-info/PKG-INFO
[0.886s] writing dependency_links to ../../build/my_py_pkg/my_py_pkg.egg-info/dependency_links.txt
[0.886s] writing requirements to ../../build/my_py_pkg/my_py_pkg.egg-info/requires.txt
[0.886s] writing top-level names to ../../build/my_py_pkg/my_py_pkg.egg-info/top_level.txt
[0.886s] writing manifest file '../../build/my_py_pkg/my_py_pkg.egg-info/SOURCES.txt'
[0.915s] reading manifest file '../../build/my_py_pkg/my_py_pkg.egg-info/SOURCES.txt'
[0.915s] writing manifest file '../../build/my_py_pkg/my_py_pkg.egg-info/SOURCES.txt'
[0.916s] running build
[0.916s] running build_py
[0.916s] creating /home/abdur-rahman/ros2_ws/build/my_py_pkg/build
[0.916s] creating /home/abdur-rahman/ros2_ws/build/my_py_pkg/build/lib
[0.916s] creating /home/abdur-rahman/ros2_ws/build/my_py_pkg/build/lib/my_py_pkg
[0.916s] copying my_py_pkg/__init__.py -> /home/abdur-rahman/ros2_ws/build/my_py_pkg/build/lib/my_py_pkg
[0.916s] running install
[0.921s] running install_lib
[0.933s] creating /home/abdur-rahman/ros2_ws/install/my_py_pkg/lib/python3.12/site-packages/my_py_pkg
[0.933s] copying /home/abdur-rahman/ros2_ws/build/my_py_pkg/build/lib/my_py_pkg/__init__.py -> /home/abdur-rahman/ros2_ws/install/my_py_pkg/lib/python3.12/site-packages/my_py_pkg
[0.934s] byte-compiling /home/abdur-rahman/ros2_ws/install/my_py_pkg/lib/python3.12/site-packages/my_py_pkg/__init__.py to __init__.cpython-312.pyc
[0.934s] running install_data
[0.934s] creating /home/abdur-rahman/ros2_ws/install/my_py_pkg/share/ament_index
[0.934s] creating /home/abdur-rahman/ros2_ws/install/my_py_pkg/share/ament_index/resource_index
[0.934s] creating /home/abdur-rahman/ros2_ws/install/my_py_pkg/share/ament_index/resource_index/packages
[0.934s] copying resource/my_py_pkg -> /home/abdur-rahman/ros2_ws/install/my_py_pkg/share/ament_index/resource_index/packages
[0.934s] copying package.xml -> /home/abdur-rahman/ros2_ws/install/my_py_pkg/share/my_py_pkg
[0.934s] running install_egg_info
[0.949s] Copying ../../build/my_py_pkg/my_py_pkg.egg-info to /home/abdur-rahman/ros2_ws/install/my_py_pkg/lib/python3.12/site-packages/my_py_pkg-0.0.0-py3.12.egg-info
[0.949s] running install_scripts
[1.041s] writing list of installed files to '/home/abdur-rahman/ros2_ws/build/my_py_pkg/install.log'
[1.060s] Invoked command in '/home/abdur-rahman/ros2_ws/src/my_py_pkg' returned '0': DEBUGINFOD_URLS=https://debuginfod.ubuntu.com PYTHONPATH=/home/abdur-rahman/ros2_ws/build/my_py_pkg/prefix_override:/usr/lib/python3/dist-packages/colcon_core/task/python/colcon_distutils_commands:/home/abdur-rahman/ros2_ws/install/my_py_pkg/lib/python3.12/site-packages:${PYTHONPATH} /usr/bin/python3 -W ignore:setup.py install is deprecated -W ignore:easy_install command is deprecated setup.py egg_info --egg-base ../../build/my_py_pkg build --build-base /home/abdur-rahman/ros2_ws/build/my_py_pkg/build install --record /home/abdur-rahman/ros2_ws/build/my_py_pkg/install.log --single-version-externally-managed install_data
