[0.497s] Invoking command in '/home/abdur-rahman/ros2_ws/src/my_py_pkg': DEBUGINFOD_URLS=https://debuginfod.ubuntu.com PYTHONPATH=/home/abdur-rahman/ros2_ws/build/my_py_pkg/prefix_override:/usr/lib/python3/dist-packages/colcon_core/task/python/colcon_distutils_commands:/home/abdur-rahman/ros2_ws/install/my_py_pkg/lib/python3.12/site-packages:${PYTHONPATH} /usr/bin/python3 -W ignore:setup.py install is deprecated -W ignore:easy_install command is deprecated setup.py egg_info --egg-base ../../build/my_py_pkg build --build-base /home/abdur-rahman/ros2_ws/build/my_py_pkg/build install --record /home/abdur-rahman/ros2_ws/build/my_py_pkg/install.log --single-version-externally-managed install_data
[0.664s] running egg_info
[0.675s] writing ../../build/my_py_pkg/my_py_pkg.egg-info/PKG-INFO
[0.675s] writing dependency_links to ../../build/my_py_pkg/my_py_pkg.egg-info/dependency_links.txt
[0.675s] writing entry points to ../../build/my_py_pkg/my_py_pkg.egg-info/entry_points.txt
[0.675s] writing requirements to ../../build/my_py_pkg/my_py_pkg.egg-info/requires.txt
[0.676s] writing top-level names to ../../build/my_py_pkg/my_py_pkg.egg-info/top_level.txt
[0.699s] reading manifest file '../../build/my_py_pkg/my_py_pkg.egg-info/SOURCES.txt'
[0.700s] writing manifest file '../../build/my_py_pkg/my_py_pkg.egg-info/SOURCES.txt'
[0.700s] running build
[0.700s] running build_py
[0.700s] running install
[0.705s] running install_lib
[0.718s] running install_data
[0.718s] running install_egg_info
[0.731s] removing '/home/abdur-rahman/ros2_ws/install/my_py_pkg/lib/python3.12/site-packages/my_py_pkg-0.0.0-py3.12.egg-info' (and everything under it)
[0.731s] Copying ../../build/my_py_pkg/my_py_pkg.egg-info to /home/abdur-rahman/ros2_ws/install/my_py_pkg/lib/python3.12/site-packages/my_py_pkg-0.0.0-py3.12.egg-info
[0.732s] running install_scripts
[0.813s] Installing add_two_ints_client script to /home/abdur-rahman/ros2_ws/install/my_py_pkg/lib/my_py_pkg
[0.813s] Installing add_two_ints_client_no_oop script to /home/abdur-rahman/ros2_ws/install/my_py_pkg/lib/my_py_pkg
[0.813s] Installing add_two_ints_server script to /home/abdur-rahman/ros2_ws/install/my_py_pkg/lib/my_py_pkg
[0.813s] Installing hw_status_publisher script to /home/abdur-rahman/ros2_ws/install/my_py_pkg/lib/my_py_pkg
[0.813s] Installing number_counter script to /home/abdur-rahman/ros2_ws/install/my_py_pkg/lib/my_py_pkg
[0.813s] Installing number_publisher script to /home/abdur-rahman/ros2_ws/install/my_py_pkg/lib/my_py_pkg
[0.813s] Installing py_node script to /home/abdur-rahman/ros2_ws/install/my_py_pkg/lib/my_py_pkg
[0.813s] Installing robot_news_station script to /home/abdur-rahman/ros2_ws/install/my_py_pkg/lib/my_py_pkg
[0.814s] Installing smartphone script to /home/abdur-rahman/ros2_ws/install/my_py_pkg/lib/my_py_pkg
[0.814s] writing list of installed files to '/home/abdur-rahman/ros2_ws/build/my_py_pkg/install.log'
[0.832s] Invoked command in '/home/abdur-rahman/ros2_ws/src/my_py_pkg' returned '0': DEBUGINFOD_URLS=https://debuginfod.ubuntu.com PYTHONPATH=/home/abdur-rahman/ros2_ws/build/my_py_pkg/prefix_override:/usr/lib/python3/dist-packages/colcon_core/task/python/colcon_distutils_commands:/home/abdur-rahman/ros2_ws/install/my_py_pkg/lib/python3.12/site-packages:${PYTHONPATH} /usr/bin/python3 -W ignore:setup.py install is deprecated -W ignore:easy_install command is deprecated setup.py egg_info --egg-base ../../build/my_py_pkg build --build-base /home/abdur-rahman/ros2_ws/build/my_py_pkg/build install --record /home/abdur-rahman/ros2_ws/build/my_py_pkg/install.log --single-version-externally-managed install_data
