[1.018s] Invoking command in '/home/abdur-rahman/ros2_ws/build/my_py_pkg': DEBUGINFOD_URLS=https://debuginfod.ubuntu.com PYTHONPATH=/home/abdur-rahman/ros2_ws/build/my_py_pkg/prefix_override:/usr/lib/python3/dist-packages/colcon_core/task/python/colcon_distutils_commands:/home/abdur-rahman/ros2_ws/install/my_py_pkg/lib/python3.12/site-packages:${PYTHONPATH} /usr/bin/python3 -W ignore:setup.py install is deprecated -W ignore:easy_install command is deprecated setup.py develop --editable --build-directory /home/abdur-rahman/ros2_ws/build/my_py_pkg/build --no-deps symlink_data --force
[1.351s] running develop
[1.535s] running egg_info
[1.553s] writing my_py_pkg.egg-info/PKG-INFO
[1.554s] writing dependency_links to my_py_pkg.egg-info/dependency_links.txt
[1.554s] writing entry points to my_py_pkg.egg-info/entry_points.txt
[1.555s] writing requirements to my_py_pkg.egg-info/requires.txt
[1.555s] writing top-level names to my_py_pkg.egg-info/top_level.txt
[1.591s] reading manifest file 'my_py_pkg.egg-info/SOURCES.txt'
[1.592s] writing manifest file 'my_py_pkg.egg-info/SOURCES.txt'
[1.612s] running build_ext
[1.612s] Creating /home/abdur-rahman/ros2_ws/install/my_py_pkg/lib/python3.12/site-packages/my-py-pkg.egg-link (link to .)
[1.613s] Installing add_two_ints_client_no_oop script to /home/abdur-rahman/ros2_ws/install/my_py_pkg/lib/my_py_pkg
[1.613s] Installing add_two_ints_server script to /home/abdur-rahman/ros2_ws/install/my_py_pkg/lib/my_py_pkg
[1.613s] Installing number_counter script to /home/abdur-rahman/ros2_ws/install/my_py_pkg/lib/my_py_pkg
[1.613s] Installing number_publisher script to /home/abdur-rahman/ros2_ws/install/my_py_pkg/lib/my_py_pkg
[1.613s] Installing py_node script to /home/abdur-rahman/ros2_ws/install/my_py_pkg/lib/my_py_pkg
[1.613s] Installing robot_news_station script to /home/abdur-rahman/ros2_ws/install/my_py_pkg/lib/my_py_pkg
[1.613s] Installing smartphone script to /home/abdur-rahman/ros2_ws/install/my_py_pkg/lib/my_py_pkg
[1.613s] 
[1.613s] Installed /home/abdur-rahman/ros2_ws/build/my_py_pkg
[1.613s] running symlink_data
[1.613s] symbolically linking /home/abdur-rahman/ros2_ws/build/my_py_pkg/resource/my_py_pkg -> /home/abdur-rahman/ros2_ws/install/my_py_pkg/share/ament_index/resource_index/packages
[1.614s] symbolically linking /home/abdur-rahman/ros2_ws/build/my_py_pkg/package.xml -> /home/abdur-rahman/ros2_ws/install/my_py_pkg/share/my_py_pkg
[1.642s] Invoked command in '/home/abdur-rahman/ros2_ws/build/my_py_pkg' returned '0': DEBUGINFOD_URLS=https://debuginfod.ubuntu.com PYTHONPATH=/home/abdur-rahman/ros2_ws/build/my_py_pkg/prefix_override:/usr/lib/python3/dist-packages/colcon_core/task/python/colcon_distutils_commands:/home/abdur-rahman/ros2_ws/install/my_py_pkg/lib/python3.12/site-packages:${PYTHONPATH} /usr/bin/python3 -W ignore:setup.py install is deprecated -W ignore:easy_install command is deprecated setup.py develop --editable --build-directory /home/abdur-rahman/ros2_ws/build/my_py_pkg/build --no-deps symlink_data --force
