[0.499s] Invoking command in '/home/abdur-rahman/ros2_ws/src/my_py_pkg': DEBUGINFOD_URLS=https://debuginfod.ubuntu.com PYTHONPATH=/home/abdur-rahman/ros2_ws/build/my_py_pkg/prefix_override:/usr/lib/python3/dist-packages/colcon_core/task/python/colcon_distutils_commands:/home/abdur-rahman/ros2_ws/install/my_py_pkg/lib/python3.12/site-packages:${PYTHONPATH} /usr/bin/python3 -W ignore:setup.py install is deprecated -W ignore:easy_install command is deprecated setup.py egg_info --egg-base ../../build/my_py_pkg build --build-base /home/abdur-rahman/ros2_ws/build/my_py_pkg/build install --record /home/abdur-rahman/ros2_ws/build/my_py_pkg/install.log --single-version-externally-managed install_data
[0.667s] running egg_info
[0.679s] writing ../../build/my_py_pkg/my_py_pkg.egg-info/PKG-INFO
[0.679s] writing dependency_links to ../../build/my_py_pkg/my_py_pkg.egg-info/dependency_links.txt
[0.679s] writing entry points to ../../build/my_py_pkg/my_py_pkg.egg-info/entry_points.txt
[0.679s] writing requirements to ../../build/my_py_pkg/my_py_pkg.egg-info/requires.txt
[0.679s] writing top-level names to ../../build/my_py_pkg/my_py_pkg.egg-info/top_level.txt
[0.703s] reading manifest file '../../build/my_py_pkg/my_py_pkg.egg-info/SOURCES.txt'
[0.704s] writing manifest file '../../build/my_py_pkg/my_py_pkg.egg-info/SOURCES.txt'
[0.704s] running build
[0.704s] running build_py
[0.704s] copying my_py_pkg/my_first_node.py -> /home/abdur-rahman/ros2_ws/build/my_py_pkg/build/lib/my_py_pkg
[0.704s] running install
[0.709s] running install_lib
[0.722s] copying /home/abdur-rahman/ros2_ws/build/my_py_pkg/build/lib/my_py_pkg/my_first_node.py -> /home/abdur-rahman/ros2_ws/install/my_py_pkg/lib/python3.12/site-packages/my_py_pkg
[0.722s] byte-compiling /home/abdur-rahman/ros2_ws/install/my_py_pkg/lib/python3.12/site-packages/my_py_pkg/my_first_node.py to my_first_node.cpython-312.pyc
[0.723s] running install_data
[0.723s] running install_egg_info
[0.735s] removing '/home/abdur-rahman/ros2_ws/install/my_py_pkg/lib/python3.12/site-packages/my_py_pkg-0.0.0-py3.12.egg-info' (and everything under it)
[0.736s] Copying ../../build/my_py_pkg/my_py_pkg.egg-info to /home/abdur-rahman/ros2_ws/install/my_py_pkg/lib/python3.12/site-packages/my_py_pkg-0.0.0-py3.12.egg-info
[0.736s] running install_scripts
[0.817s] Installing py_node script to /home/abdur-rahman/ros2_ws/install/my_py_pkg/lib/my_py_pkg
[0.817s] writing list of installed files to '/home/abdur-rahman/ros2_ws/build/my_py_pkg/install.log'
[0.836s] Invoked command in '/home/abdur-rahman/ros2_ws/src/my_py_pkg' returned '0': DEBUGINFOD_URLS=https://debuginfod.ubuntu.com PYTHONPATH=/home/abdur-rahman/ros2_ws/build/my_py_pkg/prefix_override:/usr/lib/python3/dist-packages/colcon_core/task/python/colcon_distutils_commands:/home/abdur-rahman/ros2_ws/install/my_py_pkg/lib/python3.12/site-packages:${PYTHONPATH} /usr/bin/python3 -W ignore:setup.py install is deprecated -W ignore:easy_install command is deprecated setup.py egg_info --egg-base ../../build/my_py_pkg build --build-base /home/abdur-rahman/ros2_ws/build/my_py_pkg/build install --record /home/abdur-rahman/ros2_ws/build/my_py_pkg/install.log --single-version-externally-managed install_data
