[0.832s] Invoking command in '/home/abdur-rahman/ros2_ws/src/my_py_pkg': DEBUGINFOD_URLS=https://debuginfod.ubuntu.com PYTHONPATH=/home/abdur-rahman/ros2_ws/build/my_py_pkg/prefix_override:/usr/lib/python3/dist-packages/colcon_core/task/python/colcon_distutils_commands:/home/abdur-rahman/ros2_ws/install/my_py_pkg/lib/python3.12/site-packages:${PYTHONPATH} /usr/bin/python3 -W ignore:setup.py install is deprecated -W ignore:easy_install command is deprecated setup.py egg_info --egg-base ../../build/my_py_pkg build --build-base /home/abdur-rahman/ros2_ws/build/my_py_pkg/build install --record /home/abdur-rahman/ros2_ws/build/my_py_pkg/install.log --single-version-externally-managed install_data
[1.012s] running egg_info
[1.025s] writing ../../build/my_py_pkg/my_py_pkg.egg-info/PKG-INFO
[1.027s] writing dependency_links to ../../build/my_py_pkg/my_py_pkg.egg-info/dependency_links.txt
[1.027s] writing entry points to ../../build/my_py_pkg/my_py_pkg.egg-info/entry_points.txt
[1.027s] writing requirements to ../../build/my_py_pkg/my_py_pkg.egg-info/requires.txt
[1.027s] writing top-level names to ../../build/my_py_pkg/my_py_pkg.egg-info/top_level.txt
[1.054s] reading manifest file '../../build/my_py_pkg/my_py_pkg.egg-info/SOURCES.txt'
[1.055s] writing manifest file '../../build/my_py_pkg/my_py_pkg.egg-info/SOURCES.txt'
[1.055s] running build
[1.055s] running build_py
[1.056s] copying my_py_pkg/my_first_node.py -> /home/abdur-rahman/ros2_ws/build/my_py_pkg/build/lib/my_py_pkg
[1.056s] running install
[1.061s] running install_lib
[1.074s] copying /home/abdur-rahman/ros2_ws/build/my_py_pkg/build/lib/my_py_pkg/my_first_node.py -> /home/abdur-rahman/ros2_ws/install/my_py_pkg/lib/python3.12/site-packages/my_py_pkg
[1.075s] byte-compiling /home/abdur-rahman/ros2_ws/install/my_py_pkg/lib/python3.12/site-packages/my_py_pkg/my_first_node.py to my_first_node.cpython-312.pyc
[1.075s] running install_data
[1.075s] running install_egg_info
[1.090s] removing '/home/abdur-rahman/ros2_ws/install/my_py_pkg/lib/python3.12/site-packages/my_py_pkg-0.0.0-py3.12.egg-info' (and everything under it)
[1.090s] Copying ../../build/my_py_pkg/my_py_pkg.egg-info to /home/abdur-rahman/ros2_ws/install/my_py_pkg/lib/python3.12/site-packages/my_py_pkg-0.0.0-py3.12.egg-info
[1.091s] running install_scripts
[1.179s] Installing py_node script to /home/abdur-rahman/ros2_ws/install/my_py_pkg/lib/my_py_pkg
[1.179s] writing list of installed files to '/home/abdur-rahman/ros2_ws/build/my_py_pkg/install.log'
[1.199s] Invoked command in '/home/abdur-rahman/ros2_ws/src/my_py_pkg' returned '0': DEBUGINFOD_URLS=https://debuginfod.ubuntu.com PYTHONPATH=/home/abdur-rahman/ros2_ws/build/my_py_pkg/prefix_override:/usr/lib/python3/dist-packages/colcon_core/task/python/colcon_distutils_commands:/home/abdur-rahman/ros2_ws/install/my_py_pkg/lib/python3.12/site-packages:${PYTHONPATH} /usr/bin/python3 -W ignore:setup.py install is deprecated -W ignore:easy_install command is deprecated setup.py egg_info --egg-base ../../build/my_py_pkg build --build-base /home/abdur-rahman/ros2_ws/build/my_py_pkg/build install --record /home/abdur-rahman/ros2_ws/build/my_py_pkg/install.log --single-version-externally-managed install_data
