[0.781s] Invoking command in '/home/abdur-rahman/ros2_ws/build/my_py_pkg': DEBUGINFOD_URLS=https://debuginfod.ubuntu.com PYTHONPATH=/home/abdur-rahman/ros2_ws/build/my_py_pkg/prefix_override:/usr/lib/python3/dist-packages/colcon_core/task/python/colcon_distutils_commands:/home/abdur-rahman/ros2_ws/install/my_py_pkg/lib/python3.12/site-packages:${PYTHONPATH} /usr/bin/python3 -W ignore:setup.py install is deprecated -W ignore:easy_install command is deprecated setup.py develop --uninstall --editable --build-directory /home/abdur-rahman/ros2_ws/build/my_py_pkg/build
[1.085s] running develop
[1.275s] Removing /home/abdur-rahman/ros2_ws/install/my_py_pkg/lib/python3.12/site-packages/my-py-pkg.egg-link (link to .)
[1.302s] Invoked command in '/home/abdur-rahman/ros2_ws/build/my_py_pkg' returned '0': DEBUGINFOD_URLS=https://debuginfod.ubuntu.com PYTHONPATH=/home/abdur-rahman/ros2_ws/build/my_py_pkg/prefix_override:/usr/lib/python3/dist-packages/colcon_core/task/python/colcon_distutils_commands:/home/abdur-rahman/ros2_ws/install/my_py_pkg/lib/python3.12/site-packages:${PYTHONPATH} /usr/bin/python3 -W ignore:setup.py install is deprecated -W ignore:easy_install command is deprecated setup.py develop --uninstall --editable --build-directory /home/abdur-rahman/ros2_ws/build/my_py_pkg/build
[1.303s] Invoking command in '/home/abdur-rahman/ros2_ws/src/my_py_pkg': DEBUGINFOD_URLS=https://debuginfod.ubuntu.com PYTHONPATH=/home/abdur-rahman/ros2_ws/build/my_py_pkg/prefix_override:/usr/lib/python3/dist-packages/colcon_core/task/python/colcon_distutils_commands:/home/abdur-rahman/ros2_ws/install/my_py_pkg/lib/python3.12/site-packages:${PYTHONPATH} /usr/bin/python3 -W ignore:setup.py install is deprecated -W ignore:easy_install command is deprecated setup.py egg_info --egg-base ../../build/my_py_pkg build --build-base /home/abdur-rahman/ros2_ws/build/my_py_pkg/build install --record /home/abdur-rahman/ros2_ws/build/my_py_pkg/install.log --single-version-externally-managed install_data --force
[1.559s] running egg_info
[1.577s] writing ../../build/my_py_pkg/my_py_pkg.egg-info/PKG-INFO
[1.577s] writing dependency_links to ../../build/my_py_pkg/my_py_pkg.egg-info/dependency_links.txt
[1.577s] writing entry points to ../../build/my_py_pkg/my_py_pkg.egg-info/entry_points.txt
[1.577s] writing requirements to ../../build/my_py_pkg/my_py_pkg.egg-info/requires.txt
[1.577s] writing top-level names to ../../build/my_py_pkg/my_py_pkg.egg-info/top_level.txt
[1.617s] reading manifest file '../../build/my_py_pkg/my_py_pkg.egg-info/SOURCES.txt'
[1.618s] writing manifest file '../../build/my_py_pkg/my_py_pkg.egg-info/SOURCES.txt'
[1.618s] running build
[1.618s] running build_py
[1.618s] copying my_py_pkg/add_two_ints_client_no_oop.py -> /home/abdur-rahman/ros2_ws/build/my_py_pkg/build/lib/my_py_pkg
[1.619s] running install
[1.625s] running install_lib
[1.644s] creating /home/abdur-rahman/ros2_ws/install/my_py_pkg/lib/python3.12/site-packages/my_py_pkg
[1.645s] copying /home/abdur-rahman/ros2_ws/build/my_py_pkg/build/lib/my_py_pkg/template_python_node.py -> /home/abdur-rahman/ros2_ws/install/my_py_pkg/lib/python3.12/site-packages/my_py_pkg
[1.645s] copying /home/abdur-rahman/ros2_ws/build/my_py_pkg/build/lib/my_py_pkg/smartphone.py -> /home/abdur-rahman/ros2_ws/install/my_py_pkg/lib/python3.12/site-packages/my_py_pkg
[1.645s] copying /home/abdur-rahman/ros2_ws/build/my_py_pkg/build/lib/my_py_pkg/number_publisher.py -> /home/abdur-rahman/ros2_ws/install/my_py_pkg/lib/python3.12/site-packages/my_py_pkg
[1.645s] copying /home/abdur-rahman/ros2_ws/build/my_py_pkg/build/lib/my_py_pkg/add_two_ints_client_no_oop.py -> /home/abdur-rahman/ros2_ws/install/my_py_pkg/lib/python3.12/site-packages/my_py_pkg
[1.645s] copying /home/abdur-rahman/ros2_ws/build/my_py_pkg/build/lib/my_py_pkg/number_counter.py -> /home/abdur-rahman/ros2_ws/install/my_py_pkg/lib/python3.12/site-packages/my_py_pkg
[1.645s] copying /home/abdur-rahman/ros2_ws/build/my_py_pkg/build/lib/my_py_pkg/add_two_ints_server.py -> /home/abdur-rahman/ros2_ws/install/my_py_pkg/lib/python3.12/site-packages/my_py_pkg
[1.645s] copying /home/abdur-rahman/ros2_ws/build/my_py_pkg/build/lib/my_py_pkg/robot_news_station.py -> /home/abdur-rahman/ros2_ws/install/my_py_pkg/lib/python3.12/site-packages/my_py_pkg
[1.645s] copying /home/abdur-rahman/ros2_ws/build/my_py_pkg/build/lib/my_py_pkg/my_first_node.py -> /home/abdur-rahman/ros2_ws/install/my_py_pkg/lib/python3.12/site-packages/my_py_pkg
[1.645s] copying /home/abdur-rahman/ros2_ws/build/my_py_pkg/build/lib/my_py_pkg/__init__.py -> /home/abdur-rahman/ros2_ws/install/my_py_pkg/lib/python3.12/site-packages/my_py_pkg
[1.646s] byte-compiling /home/abdur-rahman/ros2_ws/install/my_py_pkg/lib/python3.12/site-packages/my_py_pkg/template_python_node.py to template_python_node.cpython-312.pyc
[1.646s] byte-compiling /home/abdur-rahman/ros2_ws/install/my_py_pkg/lib/python3.12/site-packages/my_py_pkg/smartphone.py to smartphone.cpython-312.pyc
[1.647s] byte-compiling /home/abdur-rahman/ros2_ws/install/my_py_pkg/lib/python3.12/site-packages/my_py_pkg/number_publisher.py to number_publisher.cpython-312.pyc
[1.647s] byte-compiling /home/abdur-rahman/ros2_ws/install/my_py_pkg/lib/python3.12/site-packages/my_py_pkg/add_two_ints_client_no_oop.py to add_two_ints_client_no_oop.cpython-312.pyc
[1.647s] byte-compiling /home/abdur-rahman/ros2_ws/install/my_py_pkg/lib/python3.12/site-packages/my_py_pkg/number_counter.py to number_counter.cpython-312.pyc
[1.648s] byte-compiling /home/abdur-rahman/ros2_ws/install/my_py_pkg/lib/python3.12/site-packages/my_py_pkg/add_two_ints_server.py to add_two_ints_server.cpython-312.pyc
[1.648s] byte-compiling /home/abdur-rahman/ros2_ws/install/my_py_pkg/lib/python3.12/site-packages/my_py_pkg/robot_news_station.py to robot_news_station.cpython-312.pyc
[1.649s] byte-compiling /home/abdur-rahman/ros2_ws/install/my_py_pkg/lib/python3.12/site-packages/my_py_pkg/my_first_node.py to my_first_node.cpython-312.pyc
[1.649s] byte-compiling /home/abdur-rahman/ros2_ws/install/my_py_pkg/lib/python3.12/site-packages/my_py_pkg/__init__.py to __init__.cpython-312.pyc
[1.649s] running install_data
[1.649s] copying resource/my_py_pkg -> /home/abdur-rahman/ros2_ws/install/my_py_pkg/share/ament_index/resource_index/packages
[1.649s] copying package.xml -> /home/abdur-rahman/ros2_ws/install/my_py_pkg/share/my_py_pkg
[1.649s] running install_egg_info
[1.669s] Copying ../../build/my_py_pkg/my_py_pkg.egg-info to /home/abdur-rahman/ros2_ws/install/my_py_pkg/lib/python3.12/site-packages/my_py_pkg-0.0.0-py3.12.egg-info
[1.670s] running install_scripts
[1.796s] Installing add_two_ints_client_no_oop script to /home/abdur-rahman/ros2_ws/install/my_py_pkg/lib/my_py_pkg
[1.796s] Installing add_two_ints_server script to /home/abdur-rahman/ros2_ws/install/my_py_pkg/lib/my_py_pkg
[1.797s] Installing number_counter script to /home/abdur-rahman/ros2_ws/install/my_py_pkg/lib/my_py_pkg
[1.797s] Installing number_publisher script to /home/abdur-rahman/ros2_ws/install/my_py_pkg/lib/my_py_pkg
[1.797s] Installing py_node script to /home/abdur-rahman/ros2_ws/install/my_py_pkg/lib/my_py_pkg
[1.797s] Installing robot_news_station script to /home/abdur-rahman/ros2_ws/install/my_py_pkg/lib/my_py_pkg
[1.797s] Installing smartphone script to /home/abdur-rahman/ros2_ws/install/my_py_pkg/lib/my_py_pkg
[1.797s] writing list of installed files to '/home/abdur-rahman/ros2_ws/build/my_py_pkg/install.log'
[1.825s] Invoked command in '/home/abdur-rahman/ros2_ws/src/my_py_pkg' returned '0': DEBUGINFOD_URLS=https://debuginfod.ubuntu.com PYTHONPATH=/home/abdur-rahman/ros2_ws/build/my_py_pkg/prefix_override:/usr/lib/python3/dist-packages/colcon_core/task/python/colcon_distutils_commands:/home/abdur-rahman/ros2_ws/install/my_py_pkg/lib/python3.12/site-packages:${PYTHONPATH} /usr/bin/python3 -W ignore:setup.py install is deprecated -W ignore:easy_install command is deprecated setup.py egg_info --egg-base ../../build/my_py_pkg build --build-base /home/abdur-rahman/ros2_ws/build/my_py_pkg/build install --record /home/abdur-rahman/ros2_ws/build/my_py_pkg/install.log --single-version-externally-managed install_data --force
