[0.009s] Invoking command in '/home/abdur-rahman/ros2_ws/build/my_cpp_pkg': CMAKE_PREFIX_PATH=${CMAKE_PREFIX_PATH}:/home/abdur-rahman/ros2_ws/install/my_py_pkg:/opt/ros/jazzy DEBUGINFOD_URLS=https://debuginfod.ubuntu.com /usr/bin/cmake --build /home/abdur-rahman/ros2_ws/build/my_cpp_pkg -- -j8 -l8
[0.080s] [ 33%] Built target cpp_node
[0.080s] [ 66%] Built target robot_news_station
[0.081s] [ 83%] [32mBuilding CXX object CMakeFiles/smartphone.dir/src/smartphone.cpp.o[0m
[7.194s] [100%] [32m[1mLinking CXX executable smartphone[0m
[7.613s] [100%] Built target smartphone
[7.625s] Invoked command in '/home/abdur-rahman/ros2_ws/build/my_cpp_pkg' returned '0': CMAKE_PREFIX_PATH=${CMAKE_PREFIX_PATH}:/home/abdur-rahman/ros2_ws/install/my_py_pkg:/opt/ros/jazzy DEBUGINFOD_URLS=https://debuginfod.ubuntu.com /usr/bin/cmake --build /home/abdur-rahman/ros2_ws/build/my_cpp_pkg -- -j8 -l8
[7.636s] Invoking command in '/home/abdur-rahman/ros2_ws/build/my_cpp_pkg': CMAKE_PREFIX_PATH=${CMAKE_PREFIX_PATH}:/home/abdur-rahman/ros2_ws/install/my_py_pkg:/opt/ros/jazzy DEBUGINFOD_URLS=https://debuginfod.ubuntu.com /usr/bin/cmake --install /home/abdur-rahman/ros2_ws/build/my_cpp_pkg
[7.650s] -- Install configuration: ""
[7.651s] -- Up-to-date: /home/abdur-rahman/ros2_ws/install/my_cpp_pkg/lib/my_cpp_pkg/cpp_node
[7.653s] -- Up-to-date: /home/abdur-rahman/ros2_ws/install/my_cpp_pkg/lib/my_cpp_pkg/robot_news_station
[7.654s] -- Installing: /home/abdur-rahman/ros2_ws/install/my_cpp_pkg/lib/my_cpp_pkg/smartphone
[7.660s] -- Set non-toolchain portion of runtime path of "/home/abdur-rahman/ros2_ws/install/my_cpp_pkg/lib/my_cpp_pkg/smartphone" to ""
[7.660s] -- Up-to-date: /home/abdur-rahman/ros2_ws/install/my_cpp_pkg/share/ament_index/resource_index/package_run_dependencies/my_cpp_pkg
[7.660s] -- Up-to-date: /home/abdur-rahman/ros2_ws/install/my_cpp_pkg/share/ament_index/resource_index/parent_prefix_path/my_cpp_pkg
[7.660s] -- Up-to-date: /home/abdur-rahman/ros2_ws/install/my_cpp_pkg/share/my_cpp_pkg/environment/ament_prefix_path.sh
[7.660s] -- Up-to-date: /home/abdur-rahman/ros2_ws/install/my_cpp_pkg/share/my_cpp_pkg/environment/ament_prefix_path.dsv
[7.661s] -- Up-to-date: /home/abdur-rahman/ros2_ws/install/my_cpp_pkg/share/my_cpp_pkg/environment/path.sh
[7.661s] -- Up-to-date: /home/abdur-rahman/ros2_ws/install/my_cpp_pkg/share/my_cpp_pkg/environment/path.dsv
[7.661s] -- Up-to-date: /home/abdur-rahman/ros2_ws/install/my_cpp_pkg/share/my_cpp_pkg/local_setup.bash
[7.662s] -- Up-to-date: /home/abdur-rahman/ros2_ws/install/my_cpp_pkg/share/my_cpp_pkg/local_setup.sh
[7.662s] -- Up-to-date: /home/abdur-rahman/ros2_ws/install/my_cpp_pkg/share/my_cpp_pkg/local_setup.zsh
[7.662s] -- Up-to-date: /home/abdur-rahman/ros2_ws/install/my_cpp_pkg/share/my_cpp_pkg/local_setup.dsv
[7.662s] -- Installing: /home/abdur-rahman/ros2_ws/install/my_cpp_pkg/share/my_cpp_pkg/package.dsv
[7.663s] -- Up-to-date: /home/abdur-rahman/ros2_ws/install/my_cpp_pkg/share/ament_index/resource_index/packages/my_cpp_pkg
[7.663s] -- Up-to-date: /home/abdur-rahman/ros2_ws/install/my_cpp_pkg/share/my_cpp_pkg/cmake/my_cpp_pkgConfig.cmake
[7.663s] -- Up-to-date: /home/abdur-rahman/ros2_ws/install/my_cpp_pkg/share/my_cpp_pkg/cmake/my_cpp_pkgConfig-version.cmake
[7.663s] -- Up-to-date: /home/abdur-rahman/ros2_ws/install/my_cpp_pkg/share/my_cpp_pkg/package.xml
[7.665s] Invoked command in '/home/abdur-rahman/ros2_ws/build/my_cpp_pkg' returned '0': CMAKE_PREFIX_PATH=${CMAKE_PREFIX_PATH}:/home/abdur-rahman/ros2_ws/install/my_py_pkg:/opt/ros/jazzy DEBUGINFOD_URLS=https://debuginfod.ubuntu.com /usr/bin/cmake --install /home/abdur-rahman/ros2_ws/build/my_cpp_pkg
