[0.020s] Invoking command in '/home/abdur-rahman/ros2_ws/build/my_cpp_pkg': CMAKE_PREFIX_PATH=${CMAKE_PREFIX_PATH}:/home/abdur-rahman/ros2_ws/install/my_py_pkg:/opt/ros/jazzy DEBUGINFOD_URLS=https://debuginfod.ubuntu.com /usr/bin/cmake --build /home/abdur-rahman/ros2_ws/build/my_cpp_pkg -- -j8 -l8
[0.068s] -- Found ament_cmake: 2.5.3 (/opt/ros/jazzy/share/ament_cmake/cmake)
[0.509s] -- Found rclcpp: 28.1.6 (/opt/ros/jazzy/share/rclcpp/cmake)
[0.566s] -- Found rosidl_generator_c: 4.6.5 (/opt/ros/jazzy/share/rosidl_generator_c/cmake)
[0.584s] -- Found rosidl_generator_cpp: 4.6.5 (/opt/ros/jazzy/share/rosidl_generator_cpp/cmake)
[0.608s] -- Using all available rosidl_typesupport_c: rosidl_typesupport_fastrtps_c;rosidl_typesupport_introspection_c
[0.638s] -- Using all available rosidl_typesupport_cpp: rosidl_typesupport_fastrtps_cpp;rosidl_typesupport_introspection_cpp
[0.765s] -- Found rmw_implementation_cmake: 7.3.1 (/opt/ros/jazzy/share/rmw_implementation_cmake/cmake)
[0.768s] -- Found rmw_fastrtps_cpp: 8.4.1 (/opt/ros/jazzy/share/rmw_fastrtps_cpp/cmake)
[0.898s] -- Using RMW implementation 'rmw_fastrtps_cpp' as default
[1.209s] -- Configuring done (1.2s)
[1.230s] -- Generating done (0.0s)
[1.237s] -- Build files have been written to: /home/abdur-rahman/ros2_ws/build/my_cpp_pkg
[1.296s] [ 50%] [32mBuilding CXX object CMakeFiles/cpp_node.dir/src/my_first_node.cpp.o[0m
[7.317s] [100%] [32m[1mLinking CXX executable cpp_node[0m
[7.665s] [100%] Built target cpp_node
[7.686s] Invoked command in '/home/abdur-rahman/ros2_ws/build/my_cpp_pkg' returned '0': CMAKE_PREFIX_PATH=${CMAKE_PREFIX_PATH}:/home/abdur-rahman/ros2_ws/install/my_py_pkg:/opt/ros/jazzy DEBUGINFOD_URLS=https://debuginfod.ubuntu.com /usr/bin/cmake --build /home/abdur-rahman/ros2_ws/build/my_cpp_pkg -- -j8 -l8
[7.709s] Invoking command in '/home/abdur-rahman/ros2_ws/build/my_cpp_pkg': CMAKE_PREFIX_PATH=${CMAKE_PREFIX_PATH}:/home/abdur-rahman/ros2_ws/install/my_py_pkg:/opt/ros/jazzy DEBUGINFOD_URLS=https://debuginfod.ubuntu.com /usr/bin/cmake --install /home/abdur-rahman/ros2_ws/build/my_cpp_pkg
[7.725s] -- Install configuration: ""
[7.726s] -- Installing: /home/abdur-rahman/ros2_ws/install/my_cpp_pkg/lib/my_cpp_pkg/cpp_node
[7.726s] -- Set non-toolchain portion of runtime path of "/home/abdur-rahman/ros2_ws/install/my_cpp_pkg/lib/my_cpp_pkg/cpp_node" to ""
[7.726s] -- Up-to-date: /home/abdur-rahman/ros2_ws/install/my_cpp_pkg/share/ament_index/resource_index/package_run_dependencies/my_cpp_pkg
[7.726s] -- Installing: /home/abdur-rahman/ros2_ws/install/my_cpp_pkg/share/ament_index/resource_index/parent_prefix_path/my_cpp_pkg
[7.727s] -- Up-to-date: /home/abdur-rahman/ros2_ws/install/my_cpp_pkg/share/my_cpp_pkg/environment/ament_prefix_path.sh
[7.727s] -- Up-to-date: /home/abdur-rahman/ros2_ws/install/my_cpp_pkg/share/my_cpp_pkg/environment/ament_prefix_path.dsv
[7.727s] -- Up-to-date: /home/abdur-rahman/ros2_ws/install/my_cpp_pkg/share/my_cpp_pkg/environment/path.sh
[7.727s] -- Up-to-date: /home/abdur-rahman/ros2_ws/install/my_cpp_pkg/share/my_cpp_pkg/environment/path.dsv
[7.728s] -- Up-to-date: /home/abdur-rahman/ros2_ws/install/my_cpp_pkg/share/my_cpp_pkg/local_setup.bash
[7.728s] -- Up-to-date: /home/abdur-rahman/ros2_ws/install/my_cpp_pkg/share/my_cpp_pkg/local_setup.sh
[7.728s] -- Up-to-date: /home/abdur-rahman/ros2_ws/install/my_cpp_pkg/share/my_cpp_pkg/local_setup.zsh
[7.729s] -- Up-to-date: /home/abdur-rahman/ros2_ws/install/my_cpp_pkg/share/my_cpp_pkg/local_setup.dsv
[7.729s] -- Installing: /home/abdur-rahman/ros2_ws/install/my_cpp_pkg/share/my_cpp_pkg/package.dsv
[7.729s] -- Up-to-date: /home/abdur-rahman/ros2_ws/install/my_cpp_pkg/share/ament_index/resource_index/packages/my_cpp_pkg
[7.729s] -- Up-to-date: /home/abdur-rahman/ros2_ws/install/my_cpp_pkg/share/my_cpp_pkg/cmake/my_cpp_pkgConfig.cmake
[7.729s] -- Up-to-date: /home/abdur-rahman/ros2_ws/install/my_cpp_pkg/share/my_cpp_pkg/cmake/my_cpp_pkgConfig-version.cmake
[7.729s] -- Up-to-date: /home/abdur-rahman/ros2_ws/install/my_cpp_pkg/share/my_cpp_pkg/package.xml
[7.732s] Invoked command in '/home/abdur-rahman/ros2_ws/build/my_cpp_pkg' returned '0': CMAKE_PREFIX_PATH=${CMAKE_PREFIX_PATH}:/home/abdur-rahman/ros2_ws/install/my_py_pkg:/opt/ros/jazzy DEBUGINFOD_URLS=https://debuginfod.ubuntu.com /usr/bin/cmake --install /home/abdur-rahman/ros2_ws/build/my_cpp_pkg
