[0.007s] Invoking command in '/home/abdur-rahman/ros2_ws/build/my_cpp_pkg': CMAKE_PREFIX_PATH=${CMAKE_PREFIX_PATH}:/home/abdur-rahman/ros2_ws/install/my_py_pkg:/opt/ros/jazzy DEBUGINFOD_URLS=https://debuginfod.ubuntu.com /usr/bin/cmake --build /home/abdur-rahman/ros2_ws/build/my_cpp_pkg -- -j8 -l8
[0.046s] [ 16%] Built target add_two_ints_server
[0.047s] [ 33%] Built target robot_news_station
[0.047s] [ 50%] Built target cpp_node
[0.048s] [ 66%] Built target smartphone
[0.049s] [ 83%] Built target add_two_ints_client_no_oop
[0.049s] [ 91%] [32mBuilding CXX object CMakeFiles/add_two_ints_client.dir/src/add_two_ints_client.cpp.o[0m
[2.363s] [100%] [32m[1mLinking CXX executable add_two_ints_client[0m
[2.458s] [100%] Built target add_two_ints_client
[2.465s] Invoked command in '/home/abdur-rahman/ros2_ws/build/my_cpp_pkg' returned '0': CMAKE_PREFIX_PATH=${CMAKE_PREFIX_PATH}:/home/abdur-rahman/ros2_ws/install/my_py_pkg:/opt/ros/jazzy DEBUGINFOD_URLS=https://debuginfod.ubuntu.com /usr/bin/cmake --build /home/abdur-rahman/ros2_ws/build/my_cpp_pkg -- -j8 -l8
[2.472s] Invoking command in '/home/abdur-rahman/ros2_ws/build/my_cpp_pkg': CMAKE_PREFIX_PATH=${CMAKE_PREFIX_PATH}:/home/abdur-rahman/ros2_ws/install/my_py_pkg:/opt/ros/jazzy DEBUGINFOD_URLS=https://debuginfod.ubuntu.com /usr/bin/cmake --install /home/abdur-rahman/ros2_ws/build/my_cpp_pkg
[2.477s] -- Install configuration: ""
[2.477s] -- Up-to-date: /home/abdur-rahman/ros2_ws/install/my_cpp_pkg/lib/my_cpp_pkg/cpp_node
[2.477s] -- Up-to-date: /home/abdur-rahman/ros2_ws/install/my_cpp_pkg/lib/my_cpp_pkg/robot_news_station
[2.477s] -- Up-to-date: /home/abdur-rahman/ros2_ws/install/my_cpp_pkg/lib/my_cpp_pkg/smartphone
[2.477s] -- Up-to-date: /home/abdur-rahman/ros2_ws/install/my_cpp_pkg/lib/my_cpp_pkg/add_two_ints_server
[2.477s] -- Up-to-date: /home/abdur-rahman/ros2_ws/install/my_cpp_pkg/lib/my_cpp_pkg/add_two_ints_client_no_oop
[2.477s] -- Installing: /home/abdur-rahman/ros2_ws/install/my_cpp_pkg/lib/my_cpp_pkg/add_two_ints_client
[2.478s] -- Set non-toolchain portion of runtime path of "/home/abdur-rahman/ros2_ws/install/my_cpp_pkg/lib/my_cpp_pkg/add_two_ints_client" to ""
[2.478s] -- Up-to-date: /home/abdur-rahman/ros2_ws/install/my_cpp_pkg/share/ament_index/resource_index/package_run_dependencies/my_cpp_pkg
[2.478s] -- Up-to-date: /home/abdur-rahman/ros2_ws/install/my_cpp_pkg/share/ament_index/resource_index/parent_prefix_path/my_cpp_pkg
[2.478s] -- Up-to-date: /home/abdur-rahman/ros2_ws/install/my_cpp_pkg/share/my_cpp_pkg/environment/ament_prefix_path.sh
[2.478s] -- Up-to-date: /home/abdur-rahman/ros2_ws/install/my_cpp_pkg/share/my_cpp_pkg/environment/ament_prefix_path.dsv
[2.478s] -- Up-to-date: /home/abdur-rahman/ros2_ws/install/my_cpp_pkg/share/my_cpp_pkg/environment/path.sh
[2.478s] -- Up-to-date: /home/abdur-rahman/ros2_ws/install/my_cpp_pkg/share/my_cpp_pkg/environment/path.dsv
[2.478s] -- Up-to-date: /home/abdur-rahman/ros2_ws/install/my_cpp_pkg/share/my_cpp_pkg/local_setup.bash
[2.478s] -- Up-to-date: /home/abdur-rahman/ros2_ws/install/my_cpp_pkg/share/my_cpp_pkg/local_setup.sh
[2.478s] -- Up-to-date: /home/abdur-rahman/ros2_ws/install/my_cpp_pkg/share/my_cpp_pkg/local_setup.zsh
[2.479s] -- Up-to-date: /home/abdur-rahman/ros2_ws/install/my_cpp_pkg/share/my_cpp_pkg/local_setup.dsv
[2.479s] -- Installing: /home/abdur-rahman/ros2_ws/install/my_cpp_pkg/share/my_cpp_pkg/package.dsv
[2.479s] -- Up-to-date: /home/abdur-rahman/ros2_ws/install/my_cpp_pkg/share/ament_index/resource_index/packages/my_cpp_pkg
[2.479s] -- Up-to-date: /home/abdur-rahman/ros2_ws/install/my_cpp_pkg/share/my_cpp_pkg/cmake/my_cpp_pkgConfig.cmake
[2.479s] -- Up-to-date: /home/abdur-rahman/ros2_ws/install/my_cpp_pkg/share/my_cpp_pkg/cmake/my_cpp_pkgConfig-version.cmake
[2.479s] -- Up-to-date: /home/abdur-rahman/ros2_ws/install/my_cpp_pkg/share/my_cpp_pkg/package.xml
[2.480s] Invoked command in '/home/abdur-rahman/ros2_ws/build/my_cpp_pkg' returned '0': CMAKE_PREFIX_PATH=${CMAKE_PREFIX_PATH}:/home/abdur-rahman/ros2_ws/install/my_py_pkg:/opt/ros/jazzy DEBUGINFOD_URLS=https://debuginfod.ubuntu.com /usr/bin/cmake --install /home/abdur-rahman/ros2_ws/build/my_cpp_pkg
