[0.009s] Invoking command in '/home/abdur-rahman/ros2_ws/build/my_cpp_pkg': CMAKE_PREFIX_PATH=${CMAKE_PREFIX_PATH}:/home/abdur-rahman/ros2_ws/install/my_py_pkg:/opt/ros/jazzy DEBUGINFOD_URLS=https://debuginfod.ubuntu.com /usr/bin/cmake --build /home/abdur-rahman/ros2_ws/build/my_cpp_pkg -- -j8 -l8
[0.068s] -- Found ament_cmake: 2.5.3 (/opt/ros/jazzy/share/ament_cmake/cmake)
[0.250s] -- Found rclcpp: 28.1.6 (/opt/ros/jazzy/share/rclcpp/cmake)
[0.289s] -- Found rosidl_generator_c: 4.6.5 (/opt/ros/jazzy/share/rosidl_generator_c/cmake)
[0.300s] -- Found rosidl_generator_cpp: 4.6.5 (/opt/ros/jazzy/share/rosidl_generator_cpp/cmake)
[0.317s] -- Using all available rosidl_typesupport_c: rosidl_typesupport_fastrtps_c;rosidl_typesupport_introspection_c
[0.335s] -- Using all available rosidl_typesupport_cpp: rosidl_typesupport_fastrtps_cpp;rosidl_typesupport_introspection_cpp
[0.412s] -- Found rmw_implementation_cmake: 7.3.1 (/opt/ros/jazzy/share/rmw_implementation_cmake/cmake)
[0.415s] -- Found rmw_fastrtps_cpp: 8.4.1 (/opt/ros/jazzy/share/rmw_fastrtps_cpp/cmake)
[0.482s] -- Using RMW implementation 'rmw_fastrtps_cpp' as default
[0.555s] -- Found example_interfaces: 0.12.0 (/opt/ros/jazzy/share/example_interfaces/cmake)
[0.682s] -- Configuring done (0.6s)
[0.705s] -- Generating done (0.0s)
[0.711s] -- Build files have been written to: /home/abdur-rahman/ros2_ws/build/my_cpp_pkg
[0.735s] [ 12%] [32mBuilding CXX object CMakeFiles/add_two_ints_server.dir/src/add_two_ints_server.cpp.o[0m
[0.741s] [ 87%] Built target robot_news_station
[0.741s] [ 87%] Built target cpp_node
[0.741s] [ 87%] Built target smartphone
[2.184s] [01m[K/home/abdur-rahman/ros2_ws/src/my_cpp_pkg/src/add_two_ints_server.cpp:9:5:[m[K [01;31m[Kerror: [m[KISO C++ forbids declaration of ‘[01m[KMyCustomNode[m[K’ with no type [[01;31m[K]8;;https://gcc.gnu.org/onlinedocs/gcc/Warning-Options.html#index-fpermissive-fpermissive]8;;[m[K]
[2.184s]     9 |     [01;31m[KMyCustomNode[m[K() : Node("add_two_ints_server")
[2.184s]       |     [01;31m[K^~~~~~~~~~~~[m[K
[2.191s] [01m[K/home/abdur-rahman/ros2_ws/src/my_cpp_pkg/src/add_two_ints_server.cpp:[m[K In member function ‘[01m[Kint AddTwoIntsServerNode::[01;32m[KMyCustomNode[m[K()[m[K’:
[2.191s] [01m[K/home/abdur-rahman/ros2_ws/src/my_cpp_pkg/src/add_two_ints_server.cpp:9:22:[m[K [01;31m[Kerror: [m[Konly constructors take member initializers
[2.191s]     9 |     MyCustomNode() : [01;31m[KNode[m[K("add_two_ints_server")
[2.192s]       |                      [01;31m[K^~~~[m[K
[2.196s] [01m[K/home/abdur-rahman/ros2_ws/src/my_cpp_pkg/src/add_two_ints_server.cpp:15:5:[m[K [01;35m[Kwarning: [m[Kno return statement in function returning non-void [[01;35m[K]8;;https://gcc.gnu.org/onlinedocs/gcc/Warning-Options.html#index-Wreturn-type-Wreturn-type]8;;[m[K]
[2.196s]    15 |     [01;35m[K}[m[K
[2.196s]       |     [01;35m[K^[m[K
[2.199s] [01m[K/home/abdur-rahman/ros2_ws/src/my_cpp_pkg/src/add_two_ints_server.cpp:[m[K In function ‘[01m[Kint[01;32m[K main[m[K(int, char**)[m[K’:
[2.199s] [01m[K/home/abdur-rahman/ros2_ws/src/my_cpp_pkg/src/add_two_ints_server.cpp:33:59:[m[K [01;31m[Kerror: [m[Kexpected primary-expression before ‘[01m[K/[m[K’ token
[2.199s]    33 |     auto node = std::make_shared<AddTwoIntsServerNode>(); [01;31m[K/[m[K
[2.199s]       |                                                           [01;31m[K^[m[K
[2.600s] In file included from [01m[K/usr/include/c++/13/bits/stl_tempbuf.h:61[m[K,
[2.600s]                  from [01m[K/usr/include/c++/13/memory:66[m[K,
[2.601s]                  from [01m[K/opt/ros/jazzy/include/rclcpp/rclcpp/rclcpp.hpp:169[m[K,
[2.601s]                  from [01m[K/home/abdur-rahman/ros2_ws/src/my_cpp_pkg/src/add_two_ints_server.cpp:1[m[K:
[2.601s] /usr/include/c++/13/bits/stl_construct.h: In instantiation of ‘[01m[Kvoid std::[01;32m[K_Construct[m[K(_Tp*, _Args&& ...) [35m[K[with _Tp = AddTwoIntsServerNode; _Args = {}][m[K[m[K’:
[2.601s] [01m[K/usr/include/c++/13/bits/alloc_traits.h:661:19:[m[K   required from ‘[01m[Kstatic void std::allocator_traits<std::allocator<void> >::[01;32m[Kconstruct[m[K(allocator_type&, _Up*, _Args&& ...) [35m[K[with _Up = AddTwoIntsServerNode; _Args = {}; allocator_type = std::allocator<void>][m[K[m[K’
[2.601s] [01m[K/usr/include/c++/13/bits/shared_ptr_base.h:604:39:[m[K   required from ‘[01m[Kstd::_Sp_counted_ptr_inplace<_Tp, _Alloc, _Lp>::[01;32m[K_Sp_counted_ptr_inplace[m[K(_Alloc, _Args&& ...) [35m[K[with _Args = {}; _Tp = AddTwoIntsServerNode; _Alloc = std::allocator<void>; __gnu_cxx::_Lock_policy _Lp = __gnu_cxx::_S_atomic][m[K[m[K’
[2.601s] [01m[K/usr/include/c++/13/bits/shared_ptr_base.h:971:16:[m[K   required from ‘[01m[Kstd::__shared_count<_Lp>::[01;32m[K__shared_count[m[K(_Tp*&, std::_Sp_alloc_shared_tag<_Alloc>, _Args&& ...) [35m[K[with _Tp = AddTwoIntsServerNode; _Alloc = std::allocator<void>; _Args = {}; __gnu_cxx::_Lock_policy _Lp = __gnu_cxx::_S_atomic][m[K[m[K’
[2.601s] [01m[K/usr/include/c++/13/bits/shared_ptr_base.h:1712:14:[m[K   required from ‘[01m[Kstd::__shared_ptr<_Tp, _Lp>::[01;32m[K__shared_ptr[m[K(std::_Sp_alloc_shared_tag<_Tp>, _Args&& ...) [35m[K[with _Alloc = std::allocator<void>; _Args = {}; _Tp = AddTwoIntsServerNode; __gnu_cxx::_Lock_policy _Lp = __gnu_cxx::_S_atomic][m[K[m[K’
[2.601s] [01m[K/usr/include/c++/13/bits/shared_ptr.h:464:59:[m[K   required from ‘[01m[Kstd::shared_ptr<_Tp>::[01;32m[Kshared_ptr[m[K(std::_Sp_alloc_shared_tag<_Tp>, _Args&& ...) [35m[K[with _Alloc = std::allocator<void>; _Args = {}; _Tp = AddTwoIntsServerNode][m[K[m[K’
[2.601s] [01m[K/usr/include/c++/13/bits/shared_ptr.h:1009:14:[m[K   required from ‘[01m[Kstd::shared_ptr<typename std::enable_if<(! std::is_array< <template-parameter-1-1> >::value), _Tp>::type> std::[01;32m[Kmake_shared[m[K(_Args&& ...) [35m[K[with _Tp = AddTwoIntsServerNode; _Args = {}; typename enable_if<(! is_array< <template-parameter-1-1> >::value), _Tp>::type = AddTwoIntsServerNode][m[K[m[K’
[2.601s] [01m[K/home/abdur-rahman/ros2_ws/src/my_cpp_pkg/src/add_two_ints_server.cpp:33:55:[m[K   required from here
[2.601s] [01m[K/usr/include/c++/13/bits/stl_construct.h:119:7:[m[K [01;31m[Kerror: [m[Kuse of deleted function ‘[01m[KAddTwoIntsServerNode::[01;32m[KAddTwoIntsServerNode[m[K()[m[K’
[2.601s]   119 |       [01;31m[K::new((void*)__p) _Tp(std::forward<_Args>(__args)...)[m[K;
[2.601s]       |       [01;31m[K^~~~~~~~~~~~~~~~~~~~~~~~~~~~~~~~~~~~~~~~~~~~~~~~~~~~~[m[K
[2.601s] [01m[K/home/abdur-rahman/ros2_ws/src/my_cpp_pkg/src/add_two_ints_server.cpp:6:7:[m[K [01;36m[Knote: [m[K‘[01m[KAddTwoIntsServerNode::[01;32m[KAddTwoIntsServerNode[m[K()[m[K’ is implicitly deleted because the default definition would be ill-formed:
[2.601s]     6 | class [01;36m[KAddTwoIntsServerNode[m[K : public rclcpp::Node
[2.601s]       |       [01;36m[K^~~~~~~~~~~~~~~~~~~~[m[K
[2.601s] [01m[K/home/abdur-rahman/ros2_ws/src/my_cpp_pkg/src/add_two_ints_server.cpp:6:7:[m[K [01;31m[Kerror: [m[Kno matching function for call to ‘[01m[Krclcpp::Node::Node()[m[K’
[2.601s] In file included from [01m[K/opt/ros/jazzy/include/rclcpp/rclcpp/executors/single_threaded_executor.hpp:28[m[K,
[2.601s]                  from [01m[K/opt/ros/jazzy/include/rclcpp/rclcpp/executors.hpp:22[m[K,
[2.601s]                  from [01m[K/opt/ros/jazzy/include/rclcpp/rclcpp/rclcpp.hpp:172[m[K:
[2.601s] [01m[K/opt/ros/jazzy/include/rclcpp/rclcpp/node.hpp:1629:3:[m[K [01;36m[Knote: [m[Kcandidate: ‘[01m[Krclcpp::Node::[01;32m[KNode[m[K(const rclcpp::Node&, const std::string&)[m[K’
[2.602s]  1629 |   [01;36m[KNode[m[K(
[2.602s]       |   [01;36m[K^~~~[m[K
[2.602s] [01m[K/opt/ros/jazzy/include/rclcpp/rclcpp/node.hpp:1629:3:[m[K [01;36m[Knote: [m[K  candidate expects 2 arguments, 0 provided
[2.602s] [01m[K/opt/ros/jazzy/include/rclcpp/rclcpp/node.hpp:103:12:[m[K [01;36m[Knote: [m[Kcandidate: ‘[01m[Krclcpp::Node::[01;32m[KNode[m[K(const std::string&, const std::string&, const rclcpp::NodeOptions&)[m[K’
[2.602s]   103 |   explicit [01;36m[KNode[m[K(
[2.602s]       |            [01;36m[K^~~~[m[K
[2.602s] [01m[K/opt/ros/jazzy/include/rclcpp/rclcpp/node.hpp:103:12:[m[K [01;36m[Knote: [m[K  candidate expects 3 arguments, 0 provided
[2.602s] [01m[K/opt/ros/jazzy/include/rclcpp/rclcpp/node.hpp:91:12:[m[K [01;36m[Knote: [m[Kcandidate: ‘[01m[Krclcpp::Node::[01;32m[KNode[m[K(const std::string&, const rclcpp::NodeOptions&)[m[K’
[2.602s]    91 |   explicit [01;36m[KNode[m[K(
[2.602s]       |            [01;36m[K^~~~[m[K
[2.602s] [01m[K/opt/ros/jazzy/include/rclcpp/rclcpp/node.hpp:91:12:[m[K [01;36m[Knote: [m[K  candidate expects 2 arguments, 0 provided
[2.785s] gmake[2]: *** [CMakeFiles/add_two_ints_server.dir/build.make:76: CMakeFiles/add_two_ints_server.dir/src/add_two_ints_server.cpp.o] Error 1
[2.785s] gmake[1]: *** [CMakeFiles/Makefile2:221: CMakeFiles/add_two_ints_server.dir/all] Error 2
[2.786s] gmake: *** [Makefile:146: all] Error 2
[2.787s] Invoked command in '/home/abdur-rahman/ros2_ws/build/my_cpp_pkg' returned '2': CMAKE_PREFIX_PATH=${CMAKE_PREFIX_PATH}:/home/abdur-rahman/ros2_ws/install/my_py_pkg:/opt/ros/jazzy DEBUGINFOD_URLS=https://debuginfod.ubuntu.com /usr/bin/cmake --build /home/abdur-rahman/ros2_ws/build/my_cpp_pkg -- -j8 -l8
