[0.019s] Invoking command in '/home/abdur-rahman/ros2_ws/build/my_cpp_pkg': CMAKE_PREFIX_PATH=${CMAKE_PREFIX_PATH}:/home/abdur-rahman/ros2_ws/install/my_py_pkg:/opt/ros/jazzy DEBUGINFOD_URLS=https://debuginfod.ubuntu.com /usr/bin/cmake --build /home/abdur-rahman/ros2_ws/build/my_cpp_pkg -- -j8 -l8
[0.119s] [ 50%] [32mBuilding CXX object CMakeFiles/cpp_node.dir/src/my_first_node.cpp.o[0m
[5.912s] [100%] [32m[1mLinking CXX executable cpp_node[0m
[6.160s] [100%] Built target cpp_node
[6.180s] Invoked command in '/home/abdur-rahman/ros2_ws/build/my_cpp_pkg' returned '0': CMAKE_PREFIX_PATH=${CMAKE_PREFIX_PATH}:/home/abdur-rahman/ros2_ws/install/my_py_pkg:/opt/ros/jazzy DEBUGINFOD_URLS=https://debuginfod.ubuntu.com /usr/bin/cmake --build /home/abdur-rahman/ros2_ws/build/my_cpp_pkg -- -j8 -l8
[6.201s] Invoking command in '/home/abdur-rahman/ros2_ws/build/my_cpp_pkg': CMAKE_PREFIX_PATH=${CMAKE_PREFIX_PATH}:/home/abdur-rahman/ros2_ws/install/my_py_pkg:/opt/ros/jazzy DEBUGINFOD_URLS=https://debuginfod.ubuntu.com /usr/bin/cmake --install /home/abdur-rahman/ros2_ws/build/my_cpp_pkg
[6.216s] -- Install configuration: ""
[6.216s] -- Installing: /home/abdur-rahman/ros2_ws/install/my_cpp_pkg/lib/my_cpp_pkg/cpp_node
[6.217s] -- Set non-toolchain portion of runtime path of "/home/abdur-rahman/ros2_ws/install/my_cpp_pkg/lib/my_cpp_pkg/cpp_node" to ""
[6.217s] -- Up-to-date: /home/abdur-rahman/ros2_ws/install/my_cpp_pkg/share/ament_index/resource_index/package_run_dependencies/my_cpp_pkg
[6.217s] -- Up-to-date: /home/abdur-rahman/ros2_ws/install/my_cpp_pkg/share/ament_index/resource_index/parent_prefix_path/my_cpp_pkg
[6.217s] -- Up-to-date: /home/abdur-rahman/ros2_ws/install/my_cpp_pkg/share/my_cpp_pkg/environment/ament_prefix_path.sh
[6.218s] -- Up-to-date: /home/abdur-rahman/ros2_ws/install/my_cpp_pkg/share/my_cpp_pkg/environment/ament_prefix_path.dsv
[6.218s] -- Up-to-date: /home/abdur-rahman/ros2_ws/install/my_cpp_pkg/share/my_cpp_pkg/environment/path.sh
[6.218s] -- Up-to-date: /home/abdur-rahman/ros2_ws/install/my_cpp_pkg/share/my_cpp_pkg/environment/path.dsv
[6.219s] -- Up-to-date: /home/abdur-rahman/ros2_ws/install/my_cpp_pkg/share/my_cpp_pkg/local_setup.bash
[6.219s] -- Up-to-date: /home/abdur-rahman/ros2_ws/install/my_cpp_pkg/share/my_cpp_pkg/local_setup.sh
[6.219s] -- Up-to-date: /home/abdur-rahman/ros2_ws/install/my_cpp_pkg/share/my_cpp_pkg/local_setup.zsh
[6.219s] -- Up-to-date: /home/abdur-rahman/ros2_ws/install/my_cpp_pkg/share/my_cpp_pkg/local_setup.dsv
[6.219s] -- Installing: /home/abdur-rahman/ros2_ws/install/my_cpp_pkg/share/my_cpp_pkg/package.dsv
[6.219s] -- Up-to-date: /home/abdur-rahman/ros2_ws/install/my_cpp_pkg/share/ament_index/resource_index/packages/my_cpp_pkg
[6.220s] -- Up-to-date: /home/abdur-rahman/ros2_ws/install/my_cpp_pkg/share/my_cpp_pkg/cmake/my_cpp_pkgConfig.cmake
[6.220s] -- Up-to-date: /home/abdur-rahman/ros2_ws/install/my_cpp_pkg/share/my_cpp_pkg/cmake/my_cpp_pkgConfig-version.cmake
[6.220s] -- Up-to-date: /home/abdur-rahman/ros2_ws/install/my_cpp_pkg/share/my_cpp_pkg/package.xml
[6.222s] Invoked command in '/home/abdur-rahman/ros2_ws/build/my_cpp_pkg' returned '0': CMAKE_PREFIX_PATH=${CMAKE_PREFIX_PATH}:/home/abdur-rahman/ros2_ws/install/my_py_pkg:/opt/ros/jazzy DEBUGINFOD_URLS=https://debuginfod.ubuntu.com /usr/bin/cmake --install /home/abdur-rahman/ros2_ws/build/my_cpp_pkg
