[0.493s] Invoking command in '/home/abdur-rahman/ros2_ws/build/my_py_pkg': DEBUGINFOD_URLS=https://debuginfod.ubuntu.com PYTHONPATH=/home/abdur-rahman/ros2_ws/build/my_py_pkg/prefix_override:/usr/lib/python3/dist-packages/colcon_core/task/python/colcon_distutils_commands:/home/abdur-rahman/ros2_ws/install/my_py_pkg/lib/python3.12/site-packages:${PYTHONPATH} /usr/bin/python3 -W ignore:setup.py install is deprecated -W ignore:easy_install command is deprecated setup.py develop --editable --build-directory /home/abdur-rahman/ros2_ws/build/my_py_pkg/build --no-deps symlink_data
[0.692s] running develop
[0.813s] running egg_info
[0.825s] writing my_py_pkg.egg-info/PKG-INFO
[0.825s] writing dependency_links to my_py_pkg.egg-info/dependency_links.txt
[0.825s] writing entry points to my_py_pkg.egg-info/entry_points.txt
[0.825s] writing requirements to my_py_pkg.egg-info/requires.txt
[0.825s] writing top-level names to my_py_pkg.egg-info/top_level.txt
[0.849s] reading manifest file 'my_py_pkg.egg-info/SOURCES.txt'
[0.849s] writing manifest file 'my_py_pkg.egg-info/SOURCES.txt'
[0.862s] running build_ext
[0.862s] Creating /home/abdur-rahman/ros2_ws/install/my_py_pkg/lib/python3.12/site-packages/my-py-pkg.egg-link (link to .)
[0.862s] Installing add_two_ints_client_no_oop script to /home/abdur-rahman/ros2_ws/install/my_py_pkg/lib/my_py_pkg
[0.862s] Installing add_two_ints_clients script to /home/abdur-rahman/ros2_ws/install/my_py_pkg/lib/my_py_pkg
[0.863s] Installing add_two_ints_server script to /home/abdur-rahman/ros2_ws/install/my_py_pkg/lib/my_py_pkg
[0.863s] Installing number_counter script to /home/abdur-rahman/ros2_ws/install/my_py_pkg/lib/my_py_pkg
[0.863s] Installing number_publisher script to /home/abdur-rahman/ros2_ws/install/my_py_pkg/lib/my_py_pkg
[0.863s] Installing py_node script to /home/abdur-rahman/ros2_ws/install/my_py_pkg/lib/my_py_pkg
[0.863s] Installing robot_news_station script to /home/abdur-rahman/ros2_ws/install/my_py_pkg/lib/my_py_pkg
[0.863s] Installing smartphone script to /home/abdur-rahman/ros2_ws/install/my_py_pkg/lib/my_py_pkg
[0.863s] 
[0.863s] Installed /home/abdur-rahman/ros2_ws/build/my_py_pkg
[0.863s] running symlink_data
[0.883s] Invoked command in '/home/abdur-rahman/ros2_ws/build/my_py_pkg' returned '0': DEBUGINFOD_URLS=https://debuginfod.ubuntu.com PYTHONPATH=/home/abdur-rahman/ros2_ws/build/my_py_pkg/prefix_override:/usr/lib/python3/dist-packages/colcon_core/task/python/colcon_distutils_commands:/home/abdur-rahman/ros2_ws/install/my_py_pkg/lib/python3.12/site-packages:${PYTHONPATH} /usr/bin/python3 -W ignore:setup.py install is deprecated -W ignore:easy_install command is deprecated setup.py develop --editable --build-directory /home/abdur-rahman/ros2_ws/build/my_py_pkg/build --no-deps symlink_data
